Arguments: 
  /home/sun/.nvm/versions/node/v8.16.1/bin/node /home/sun/.nvm/versions/node/v8.16.1/bin/yarn

PATH: 
  /home/sun/.pyenv/shims:/home/sun/.nvm/versions/node/v8.16.1/bin:/home/sun/.pyenv/shims:/home/sun/.local/bin:/home/sun/.gem/ruby/2.6.0/bin:/home/sun/Projects/oak-tree-house/node_modules/.bin:/usr/local/bin:/usr/bin:/bin:/usr/local/sbin:/opt/android-sdk/platform-tools:/opt/android-sdk/tools:/opt/android-sdk/tools/bin:/opt/cuda/bin:/usr/lib/jvm/default/bin:/usr/bin/site_perl:/usr/bin/vendor_perl:/usr/bin/core_perl

Yarn version: 
  1.17.3

Node version: 
  8.16.1

Platform: 
  linux x64

Trace: 
  SyntaxError: /home/sun/Projects/oak-tree-house/package.json: Unexpected token } in JSON at position 876
      at JSON.parse (<anonymous>)
      at /home/sun/.nvm/versions/node/v8.16.1/lib/node_modules/yarn/lib/cli.js:1625:59
      at Generator.next (<anonymous>)
      at step (/home/sun/.nvm/versions/node/v8.16.1/lib/node_modules/yarn/lib/cli.js:304:30)
      at /home/sun/.nvm/versions/node/v8.16.1/lib/node_modules/yarn/lib/cli.js:315:13
      at <anonymous>

npm manifest: 
  {
    "name": "oak-tree-house",
    "version": "0.1.0",
    "description": "My New Personal Homepage",
    "scripts": {
      "build": "vuepress build site",
      "dev": "vuepress dev site",
      "lint": "npm run lint:js && npm run lint:md",
      "lint:js": "eslint site --ext .js,.vue",
      "lint:md": "markdownlint **/*.md --ignore node_modules"
    },
    "repository": {
      "type": "git",
      "url": "git+https://github.com/sunziping2016/oak-tree-house.git"
    },
    "author": "Sun Ziping",
    "license": "MIT",
    "bugs": {
      "url": "https://github.com/sunziping2016/oak-tree-house/issues"
    },
    "homepage": "https://github.com/sunziping2016/oak-tree-house#readme",
    "devDependencies": {
      "@vuepress/plugin-blog": "^1.6.1",
      "eslint": "^6.8.0",
      "eslint-plugin-vue-libs": "^4.0.0",
      "markdownlint": "^0.18.0",
      "markdownlint-cli": "^0.20.0",
      "vuepress": "^1.2.0"
    },
  }

yarn manifest: 
  No manifest

Lockfile: 
  No lockfile
